make --dry-run --always-make --keep-going --print-directory
make: Entering directory '/home/anurat/Compiler_lab/Assgn6_compiler_19CS10071_19CS10072'
bison -dty assgn6_19CS10071_19CS10072.y 
g++ -c y.tab.c
bison -dty assgn6_19CS10071_19CS10072.y 
flex	assgn6_19CS10071_19CS10072.l
g++ -c lex.yy.c
g++ -c assgn6_19CS10071_19CS10072_translator.cxx
gcc -c ass2_19CS10071.c
ar -rcs libass2_19CS10071.a ass2_19CS10071.o
g++ -c assgn6_19CS10071_19CS10072_target_translator.cxx
g++ -o tinyC lex.yy.o y.tab.o assgn6_19CS10071_19CS10072_translator.o assgn6_19CS10071_19CS10072_target_translator.o assgn6_19CS10071_19CS10072_main.cpp  -ll
echo "\n***********COMPILING THE FILES AND GENERATING ASSEMBLY and QUADS\n"
./tinyC assgn6_19CS10071_19CS10072_test1.c >assgn6_19CS10071_19CS10072_quads1.out
./tinyC assgn6_19CS10071_19CS10072_test2.c >assgn6_19CS10071_19CS10072_quads2.out
./tinyC assgn6_19CS10071_19CS10072_test3.c >assgn6_19CS10071_19CS10072_quads3.out
./tinyC assgn6_19CS10071_19CS10072_test4.c >assgn6_19CS10071_19CS10072_quads4.out
./tinyC assgn6_19CS10071_19CS10072_test5.c >assgn6_19CS10071_19CS10072_quads5.out
./tinyC assgn6_19CS10071_19CS10072_test6.c >assgn6_19CS10071_19CS10072_quads6.out
./tinyC assgn6_19CS10071_19CS10072_test7.c >assgn6_19CS10071_19CS10072_quads7.out
echo "\n***********ASSEMBLING THE FILES WITH GCC AND GENERATING EXECUTABLES\n"
gcc -o test1 assgn6_19CS10071_19CS10072_test1.c.s -L. -lass2_19CS10071 -no-pie
gcc -o test2 assgn6_19CS10071_19CS10072_test2.c.s -L. -lass2_19CS10071 -no-pie
gcc -o test3 assgn6_19CS10071_19CS10072_test3.c.s -L. -lass2_19CS10071 -no-pie
gcc -o test4 assgn6_19CS10071_19CS10072_test4.c.s -L. -lass2_19CS10071 -no-pie
gcc -o test5 assgn6_19CS10071_19CS10072_test5.c.s -L. -lass2_19CS10071 -no-pie
gcc -o test6 assgn6_19CS10071_19CS10072_test6.c.s -L. -lass2_19CS10071 -no-pie
gcc -o test7 assgn6_19CS10071_19CS10072_test7.c.s -L. -lass2_19CS10071 -no-pie
echo "Use ./test<i> to run ith test i = 1,...,7 "
make: Leaving directory '/home/anurat/Compiler_lab/Assgn6_compiler_19CS10071_19CS10072'
 
